Using pre-set license

 COMMAND LINE ARGUMENTS:
/Users/severex_un_mob_06_02/Desktop/Unity/2020.3.10f1/Unity.app/Contents/MacOS/Unity
-adb2
-batchMode
-noUpm
-name
AssetImportWorker1
-projectPath
/Users/severex_un_mob_06_02/Desktop/UnityProjects/Majong
-logFile
Logs/AssetImportWorker1.log
-srvPort
49515
Successfully changed project path to: /Users/severex_un_mob_06_02/Desktop/UnityProjects/Majong
/Users/severex_un_mob_06_02/Desktop/UnityProjects/Majong
Using Asset Import Pipeline V2.
Refreshing native plugins compatible for Editor in 117.92 ms, found 6 plugins.
Preloading 0 native plugins for Editor in 0.00 ms.
Initialize engine version: 2020.3.10f1 (297d780c91bc)
[Subsystems] Discovering subsystems at path /Users/severex_un_mob_06_02/Desktop/Unity/2020.3.10f1/Unity.app/Contents/Resources/UnitySubsystems
[Subsystems] Discovering subsystems at path /Users/severex_un_mob_06_02/Desktop/UnityProjects/Majong/Assets
GfxDevice: creating device client; threaded=0
2021-07-05 17:30:36.569 Unity[32750:378563] Color LCD preferred device: Intel Iris Pro Graphics (low power)
2021-07-05 17:30:36.569 Unity[32750:378563] Metal devices available: 2
2021-07-05 17:30:36.569 Unity[32750:378563] 0: AMD Radeon R9 M370X (high power)
2021-07-05 17:30:36.569 Unity[32750:378563] 1: Intel Iris Pro Graphics (low power)
2021-07-05 17:30:36.569 Unity[32750:378563] Using device AMD Radeon R9 M370X (high power)
Initializing Metal device caps: AMD Radeon R9 M370X
Initialize mono
Mono path[0] = '/Users/severex_un_mob_06_02/Desktop/Unity/2020.3.10f1/Unity.app/Contents/Managed'
Mono path[1] = '/Users/severex_un_mob_06_02/Desktop/Unity/2020.3.10f1/Unity.app/Contents/MonoBleedingEdge/lib/mono/unityjit'
Mono config path = '/Users/severex_un_mob_06_02/Desktop/Unity/2020.3.10f1/Unity.app/Contents/MonoBleedingEdge/etc'
Using monoOptions --debugger-agent=transport=dt_socket,embedding=1,server=y,suspend=n,address=127.0.0.1:56750
Begin MonoManager ReloadAssembly
Registering precompiled unity dll's ...
Register platform support module: /Users/severex_un_mob_06_02/Desktop/Unity/2020.3.10f1/Unity.app/Contents/PlaybackEngines/MacStandaloneSupport/UnityEditor.OSXStandalone.Extensions.dll
Registered in 0.000714 seconds.
Native extension for OSXStandalone target not found
Refreshing native plugins compatible for Editor in 60.61 ms, found 6 plugins.
Preloading 0 native plugins for Editor in 0.00 ms.
Mono: successfully reloaded assembly
- Completed reload, in  4.865 seconds
Platform modules already initialized, skipping
Registering precompiled user dll's ...
Registered in 0.012695 seconds.
Begin MonoManager ReloadAssembly
Native extension for OSXStandalone target not found
Refreshing native plugins compatible for Editor in 60.99 ms, found 6 plugins.
Preloading 0 native plugins for Editor in 0.00 ms.
Mono: successfully reloaded assembly
- Completed reload, in  1.624 seconds
Platform modules already initialized, skipping
========================================================================
Worker process is ready to serve import requests
Launching external process: /Users/severex_un_mob_06_02/Desktop/Unity/2020.3.10f1/Unity.app/Contents/Tools/UnityShaderCompiler
Launched and connected shader compiler UnityShaderCompiler after 0.01 seconds
Refreshing native plugins compatible for Editor in 1.46 ms, found 6 plugins.
Preloading 0 native plugins for Editor in 0.00 ms.
Unloading 2206 Unused Serialized files (Serialized files now loaded: 0)
System memory in use before: 186.3 MB.
System memory in use after: 186.3 MB.

Unloading 131 unused Assets to reduce memory usage. Loaded Objects now: 2560.
Total: 3.288884 ms (FindLiveObjects: 0.321164 ms CreateObjectMapping: 0.081508 ms MarkObjects: 2.697824 ms  DeleteObjects: 0.187233 ms)

========================================================================
Received Import Request.
  path: Assets/Scripts/GameManager.cs
  artifactKey: Guid(9d3306a9c8cfd4db5bb68fb89580f451) Importer(815301076,1909f56bfc062723c751e8b465ee728b)
Start importing Assets/Scripts/GameManager.cs using Guid(9d3306a9c8cfd4db5bb68fb89580f451) Importer(815301076,1909f56bfc062723c751e8b465ee728b)  -> (artifact id: '2672bbaf2e1bd83b033eba445261103d') in 0.302672 seconds
  Import took 0.307445 seconds .

========================================================================
Received Import Request.
  Time since last request: 0.000269 seconds.
  path: Assets/Scripts/SpawnZoneGenerator.cs
  artifactKey: Guid(f6c3a872c49d748ed9075c8ba95c5963) Importer(815301076,1909f56bfc062723c751e8b465ee728b)
Start importing Assets/Scripts/SpawnZoneGenerator.cs using Guid(f6c3a872c49d748ed9075c8ba95c5963) Importer(815301076,1909f56bfc062723c751e8b465ee728b)  -> (artifact id: '369d2eb61c97f7a2f037d47d280ba515') in 0.004103 seconds
  Import took 0.007589 seconds .

